<?xml version="1.0" encoding="UTF-8"?>
<!-- Generated by org.testng.reporters.JUnitXMLReporter -->
<testsuite ignored="0" hostname="DESKTOP-GD8H9LQ" failures="0" tests="3" name="loginAndHomePageTests" time="0.117" errors="0" timestamp="2025-07-17T20:40:07 IST">
  <testcase classname="tests.TestCase1" name="loginExternal" time="0.009"/>
  <testcase classname="tests.TestCase1" name="loginExternal" time="0.003"/>
  <testcase classname="tests.TestCase1" name="loginExternal" time="0.003"/>
</testsuite> <!-- loginAndHomePageTests -->
