<?xml version="1.0" encoding="UTF-8"?>
<!-- Generated by org.testng.reporters.JUnitXMLReporter -->
<testsuite ignored="1" hostname="DESKTOP-GD8H9LQ" failures="1" tests="1" name="SmokeTest" time="2.04" errors="0" timestamp="2025-09-01T22:14:37 IST">
  <testcase classname="tests.TestCase3" name="loginPage" time="0.391">
    <failure type="java.lang.NullPointerException" message="Cannot invoke &amp;quot;org.openqa.selenium.WebDriver.findElement(org.openqa.selenium.By)&amp;quot; because &amp;quot;this.driver&amp;quot; is null">
      <![CDATA[java.lang.NullPointerException: Cannot invoke "org.openqa.selenium.WebDriver.findElement(org.openqa.selenium.By)" because "this.driver" is null
at pages.LoginPage.enterUserName(LoginPage.java:37)
at tests.TestCase3.loginPage(TestCase3.java:29)
at java.base/java.util.ArrayList.forEach(ArrayList.java:1511)
... Removed 27 stack frames]]>
    </failure>
  </testcase> <!-- loginPage -->
  <testcase classname="tests.TestCase3" name="homePage" time="0.0">
    <ignored/>
  </testcase> <!-- homePage -->
</testsuite> <!-- SmokeTest -->
