<?xml version="1.0" encoding="UTF-8"?>
<testng-results ignored="0" total="2" passed="2" failed="0" skipped="0">
  <reporter-output>
  </reporter-output>
  <suite started-at="2025-07-17T16:41:09 IST" name="Suite" finished-at="2025-07-17T16:41:18 IST" duration-ms="8438">
    <groups>
    </groups>
    <test started-at="2025-07-17T16:41:09 IST" name="loginAndHomePageTests" finished-at="2025-07-17T16:41:18 IST" duration-ms="8438">
      <class name="tests.TestCase2">
        <test-method is-config="true" signature="setup()[pri:0, instance:tests.TestCase2@514646ef]" started-at="2025-07-17T16:41:09 IST" name="setup" finished-at="2025-07-17T16:41:16 IST" duration-ms="6500" status="PASS">
          <reporter-output>
          </reporter-output>
        </test-method> <!-- setup -->
        <test-method signature="loginPage()[pri:1, instance:tests.TestCase2@514646ef]" started-at="2025-07-17T16:41:16 IST" name="loginPage" finished-at="2025-07-17T16:41:17 IST" duration-ms="873" status="PASS">
          <reporter-output>
          </reporter-output>
        </test-method> <!-- loginPage -->
        <test-method signature="homePage()[pri:2, instance:tests.TestCase2@514646ef]" started-at="2025-07-17T16:41:17 IST" name="homePage" finished-at="2025-07-17T16:41:17 IST" duration-ms="522" status="PASS">
          <reporter-output>
          </reporter-output>
        </test-method> <!-- homePage -->
        <test-method is-config="true" signature="tearDown()[pri:0, instance:tests.TestCase2@514646ef]" started-at="2025-07-17T16:41:17 IST" name="tearDown" finished-at="2025-07-17T16:41:18 IST" duration-ms="448" status="PASS">
          <reporter-output>
          </reporter-output>
        </test-method> <!-- tearDown -->
      </class> <!-- tests.TestCase2 -->
    </test> <!-- loginAndHomePageTests -->
  </suite> <!-- Suite -->
</testng-results>
