<?xml version="1.0" encoding="UTF-8"?>
<!-- Generated by org.testng.reporters.JUnitReportReporter -->
<testsuite hostname="DESKTOP-GD8H9LQ" failures="0" tests="3" name="tests.TestCase1" time="0.018" errors="0" timestamp="2025-07-16T17:07:27 IST" skipped="0">
  <testcase classname="tests.TestCase1" name="loginExternal" time="0.006"/>
  <testcase classname="tests.TestCase1" name="loginExternal" time="0.009"/>
  <testcase classname="tests.TestCase1" name="loginExternal" time="0.003"/>
</testsuite> <!-- tests.TestCase1 -->
